<?xml version="1.0" encoding="UTF-8"?>
<!-- Generated by org.testng.reporters.JUnitXMLReporter -->
<testsuite ignored="1" hostname="sravan" failures="0" tests="15" name="Test" time="188.872" errors="0" timestamp="2024-05-29T18:09:03 IST">
  <testcase classname="webAppTest.AppLoginTest" name="login_Workspace_Id" time="9.697"/>
  <testcase classname="webAppTest.AppLoginTest" name="login_empty_email" time="6.345"/>
  <testcase classname="webAppTest.AppLoginTest" name="login_invalid_email" time="7.364"/>
  <testcase classname="webAppTest.AppLoginTest" name="login_empty_password" time="5.918"/>
  <testcase classname="webAppTest.AppLoginTest" name="login_invalid_email_password" time="7.441"/>
  <testcase classname="webAppTest.AppLoginTest" name="login_valid_email_password" time="25.926"/>
  <testcase classname="webAppTest.MyProfileTest" name="profile_Navigation" time="6.229"/>
  <testcase classname="webAppTest.MyProfileTest" name="Edit_profile_icon" time="1.208"/>
  <testcase classname="webAppTest.MyProfileTest" name="Edit_User_BioRequired" time="30.417"/>
  <testcase classname="webAppTest.MyProfileTest" name="Edit_User_vaildNumber" time="25.314"/>
  <testcase classname="webAppTest.MyProfileTest" name="cancel" time="3.105"/>
  <testcase classname="webAppTest.MyProfileTest" name="Edit_User_Details" time="7.662"/>
  <testcase classname="webAppTest.MyProfileTest" name="Analytics_Tab" time="8.138"/>
  <testcase classname="webAppTest.MyProfileTest" name="Squad_Details" time="35.035"/>
  <testcase classname="webAppTest.MyProfileTest" name="Transcripts" time="8.461"/>
  <testcase classname="webAppTest.BaseClassWebApp" name="@BeforeSuite setUpSuite" time="0.0">
    <ignored/>
  </testcase> <!-- @BeforeSuite setUpSuite -->
</testsuite> <!-- Test -->
